{"log":
 [{"message":
   ".> LEAN_PATH=/Users/alex/Documents/repo/github/math/myDemo1/.lake/packages/Cli/.lake/build/lib/lean:/Users/alex/Documents/repo/github/math/myDemo1/.lake/packages/batteries/.lake/build/lib/lean:/Users/alex/Documents/repo/github/math/myDemo1/.lake/packages/Qq/.lake/build/lib/lean:/Users/alex/Documents/repo/github/math/myDemo1/.lake/packages/aesop/.lake/build/lib/lean:/Users/alex/Documents/repo/github/math/myDemo1/.lake/packages/proofwidgets/.lake/build/lib/lean:/Users/alex/Documents/repo/github/math/myDemo1/.lake/packages/importGraph/.lake/build/lib/lean:/Users/alex/Documents/repo/github/math/myDemo1/.lake/packages/LeanSearchClient/.lake/build/lib/lean:/Users/alex/Documents/repo/github/math/myDemo1/.lake/packages/plausible/.lake/build/lib/lean:/Users/alex/Documents/repo/github/math/myDemo1/.lake/packages/mathlib/.lake/build/lib/lean:/Users/alex/Documents/repo/github/math/myDemo1/.lake/build/lib/lean /Users/alex/.elan/toolchains/leanprover--lean4---v4.21.0-rc3/bin/lean -Dpp.unicode.fun=true -DautoImplicit=false /Users/alex/Documents/repo/github/math/myDemo1/MyDemo1.lean -R /Users/alex/Documents/repo/github/math/myDemo1 -o /Users/alex/Documents/repo/github/math/myDemo1/.lake/build/lib/lean/MyDemo1.olean -i /Users/alex/Documents/repo/github/math/myDemo1/.lake/build/lib/lean/MyDemo1.ilean -c /Users/alex/Documents/repo/github/math/myDemo1/.lake/build/ir/MyDemo1.c --json",
   "level": "trace"},
  {"message": "MyDemo1.lean:15:0: \"Hello World! \"", "level": "info"}],
 "inputs":
 [["MyDemo1:deps",
   [["deps",
     [["myDemo1/MyDemo1:extraDep", [["@myDemo1:extraDep", "1723"]]],
      ["import oleans",
       [["MyDemo1.Basic:olean",
         [["MyDemo1.Basic:deps", "12720339749678921893"],
          ["/Users/alex/Documents/repo/github/math/myDemo1/.lake/build/lib/lean/MyDemo1/Basic.olean",
           "6982197372422486638"]]],
        ["Mathlib.Tactic.Abel:olean",
         [["Mathlib.Tactic.Abel:deps", "8177629490897871722"],
          ["/Users/alex/Documents/repo/github/math/myDemo1/.lake/packages/mathlib/.lake/build/lib/lean/Mathlib/Tactic/Abel.olean",
           "12032926066110257309"]]],
        ["Mathlib.Data.Nat.Basic:olean",
         [["Mathlib.Data.Nat.Basic:deps", "2219072355640022304"],
          ["/Users/alex/Documents/repo/github/math/myDemo1/.lake/packages/mathlib/.lake/build/lib/lean/Mathlib/Data/Nat/Basic.olean",
           "3967745829641125194"]]]]]]],
    ["libs",
     [["import dynlibs", "1723"],
      ["package external libraries", "1723"],
      ["module dynlibs", "1723"],
      ["module plugins", "1723"]]]]],
  ["Lean 4.21.0, commit 6741444a63eec253a7eae7a83f1beb3de015023d",
   "11123825329739276520"],
  ["Module.leanArgs: #[-Dpp.unicode.fun=true, -DautoImplicit=false]",
   "2480034161766020459"],
  ["/Users/alex/Documents/repo/github/math/myDemo1/MyDemo1.lean",
   "14096743307863333582"]],
 "depHash": "3059966443976233905"}